{"/Users/drakevorndran/code/6sem/JSFEW/stringCasing/stringCasing.js": {"path":"/Users/drakevorndran/code/6sem/JSFEW/stringCasing/stringCasing.js","statementMap":{"0":{"start":{"line":1,"column":0},"end":{"line":3,"column":1}},"1":{"start":{"line":2,"column":2},"end":{"line":2,"column":59}},"2":{"start":{"line":5,"column":0},"end":{"line":7,"column":1}},"3":{"start":{"line":6,"column":2},"end":{"line":6,"column":59}},"4":{"start":{"line":9,"column":0},"end":{"line":11,"column":1}},"5":{"start":{"line":10,"column":2},"end":{"line":10,"column":65}},"6":{"start":{"line":10,"column":37},"end":{"line":10,"column":54}},"7":{"start":{"line":13,"column":0},"end":{"line":15,"column":1}},"8":{"start":{"line":14,"column":2},"end":{"line":14,"column":111}},"9":{"start":{"line":14,"column":43},"end":{"line":14,"column":100}},"10":{"start":{"line":17,"column":0},"end":{"line":19,"column":1}},"11":{"start":{"line":18,"column":2},"end":{"line":18,"column":111}},"12":{"start":{"line":18,"column":43},"end":{"line":18,"column":100}},"13":{"start":{"line":21,"column":0},"end":{"line":23,"column":1}},"14":{"start":{"line":22,"column":2},"end":{"line":22,"column":78}},"15":{"start":{"line":22,"column":39},"end":{"line":22,"column":67}},"16":{"start":{"line":25,"column":0},"end":{"line":27,"column":1}},"17":{"start":{"line":26,"column":2},"end":{"line":26,"column":113}},"18":{"start":{"line":26,"column":44},"end":{"line":26,"column":95}},"19":{"start":{"line":29,"column":0},"end":{"line":31,"column":1}},"20":{"start":{"line":30,"column":2},"end":{"line":30,"column":72}},"21":{"start":{"line":33,"column":0},"end":{"line":35,"column":1}},"22":{"start":{"line":34,"column":2},"end":{"line":34,"column":72}},"23":{"start":{"line":37,"column":0},"end":{"line":39,"column":1}},"24":{"start":{"line":38,"column":2},"end":{"line":38,"column":86}}},"fnMap":{"0":{"name":"(anonymous_0)","decl":{"start":{"line":1,"column":30},"end":{"line":1,"column":31}},"loc":{"start":{"line":1,"column":41},"end":{"line":3,"column":1}},"line":1},"1":{"name":"(anonymous_1)","decl":{"start":{"line":5,"column":25},"end":{"line":5,"column":26}},"loc":{"start":{"line":5,"column":36},"end":{"line":7,"column":1}},"line":5},"2":{"name":"(anonymous_2)","decl":{"start":{"line":9,"column":38},"end":{"line":9,"column":39}},"loc":{"start":{"line":9,"column":49},"end":{"line":11,"column":1}},"line":9},"3":{"name":"(anonymous_3)","decl":{"start":{"line":10,"column":29},"end":{"line":10,"column":30}},"loc":{"start":{"line":10,"column":37},"end":{"line":10,"column":54}},"line":10},"4":{"name":"(anonymous_4)","decl":{"start":{"line":13,"column":28},"end":{"line":13,"column":29}},"loc":{"start":{"line":13,"column":39},"end":{"line":15,"column":1}},"line":13},"5":{"name":"(anonymous_5)","decl":{"start":{"line":14,"column":28},"end":{"line":14,"column":29}},"loc":{"start":{"line":14,"column":43},"end":{"line":14,"column":100}},"line":14},"6":{"name":"(anonymous_6)","decl":{"start":{"line":17,"column":27},"end":{"line":17,"column":28}},"loc":{"start":{"line":17,"column":38},"end":{"line":19,"column":1}},"line":17},"7":{"name":"(anonymous_7)","decl":{"start":{"line":18,"column":28},"end":{"line":18,"column":29}},"loc":{"start":{"line":18,"column":43},"end":{"line":18,"column":100}},"line":18},"8":{"name":"(anonymous_8)","decl":{"start":{"line":21,"column":36},"end":{"line":21,"column":37}},"loc":{"start":{"line":21,"column":47},"end":{"line":23,"column":1}},"line":21},"9":{"name":"(anonymous_9)","decl":{"start":{"line":22,"column":28},"end":{"line":22,"column":29}},"loc":{"start":{"line":22,"column":39},"end":{"line":22,"column":67}},"line":22},"10":{"name":"(anonymous_10)","decl":{"start":{"line":25,"column":41},"end":{"line":25,"column":42}},"loc":{"start":{"line":25,"column":52},"end":{"line":27,"column":1}},"line":25},"11":{"name":"(anonymous_11)","decl":{"start":{"line":26,"column":28},"end":{"line":26,"column":29}},"loc":{"start":{"line":26,"column":44},"end":{"line":26,"column":95}},"line":26},"12":{"name":"(anonymous_12)","decl":{"start":{"line":29,"column":29},"end":{"line":29,"column":30}},"loc":{"start":{"line":29,"column":40},"end":{"line":31,"column":1}},"line":29},"13":{"name":"(anonymous_13)","decl":{"start":{"line":33,"column":29},"end":{"line":33,"column":30}},"loc":{"start":{"line":33,"column":40},"end":{"line":35,"column":1}},"line":33},"14":{"name":"(anonymous_14)","decl":{"start":{"line":37,"column":29},"end":{"line":37,"column":30}},"loc":{"start":{"line":37,"column":40},"end":{"line":39,"column":1}},"line":37}},"branchMap":{"0":{"loc":{"start":{"line":14,"column":43},"end":{"line":14,"column":100}},"type":"cond-expr","locations":[{"start":{"line":14,"column":57},"end":{"line":14,"column":77}},{"start":{"line":14,"column":80},"end":{"line":14,"column":100}}],"line":14},"1":{"loc":{"start":{"line":18,"column":43},"end":{"line":18,"column":100}},"type":"cond-expr","locations":[{"start":{"line":18,"column":57},"end":{"line":18,"column":77}},{"start":{"line":18,"column":80},"end":{"line":18,"column":100}}],"line":18},"2":{"loc":{"start":{"line":22,"column":39},"end":{"line":22,"column":67}},"type":"cond-expr","locations":[{"start":{"line":22,"column":56},"end":{"line":22,"column":58}},{"start":{"line":22,"column":61},"end":{"line":22,"column":67}}],"line":22},"3":{"loc":{"start":{"line":26,"column":44},"end":{"line":26,"column":95}},"type":"cond-expr","locations":[{"start":{"line":26,"column":84},"end":{"line":26,"column":86}},{"start":{"line":26,"column":89},"end":{"line":26,"column":95}}],"line":26},"4":{"loc":{"start":{"line":26,"column":45},"end":{"line":26,"column":80}},"type":"binary-expr","locations":[{"start":{"line":26,"column":45},"end":{"line":26,"column":62}},{"start":{"line":26,"column":66},"end":{"line":26,"column":80}}],"line":26}},"s":{"0":1,"1":23,"2":1,"3":6,"4":1,"5":6,"6":20,"7":1,"8":3,"9":44,"10":1,"11":3,"12":44,"13":1,"14":3,"15":51,"16":1,"17":12,"18":234,"19":1,"20":3,"21":1,"22":3,"23":1,"24":3},"f":{"0":23,"1":6,"2":6,"3":20,"4":3,"5":44,"6":3,"7":44,"8":3,"9":51,"10":12,"11":234,"12":3,"13":3,"14":3},"b":{"0":[23,21],"1":[21,23],"2":[11,40],"3":[29,205],"4":[234,66]},"_coverageSchema":"43e27e138ebf9cfc5966b082cf9a028302ed4184","hash":"9f63f4c2af029cc9c8cdf07891c1c5e77325ec7c"}
}
