TN:
SF:/Users/drakevorndran/code/6sem/JSFEW/stringCasing/stringCasing.js
FN:1,(anonymous_0)
FN:5,(anonymous_1)
FN:9,(anonymous_2)
FN:10,(anonymous_3)
FN:13,(anonymous_4)
FN:14,(anonymous_5)
FN:17,(anonymous_6)
FN:18,(anonymous_7)
FN:21,(anonymous_8)
FN:22,(anonymous_9)
FN:25,(anonymous_10)
FN:26,(anonymous_11)
FN:29,(anonymous_12)
FN:33,(anonymous_13)
FN:37,(anonymous_14)
FNF:15
FNH:15
FNDA:23,(anonymous_0)
FNDA:6,(anonymous_1)
FNDA:6,(anonymous_2)
FNDA:20,(anonymous_3)
FNDA:3,(anonymous_4)
FNDA:44,(anonymous_5)
FNDA:3,(anonymous_6)
FNDA:44,(anonymous_7)
FNDA:3,(anonymous_8)
FNDA:51,(anonymous_9)
FNDA:12,(anonymous_10)
FNDA:234,(anonymous_11)
FNDA:3,(anonymous_12)
FNDA:3,(anonymous_13)
FNDA:3,(anonymous_14)
DA:1,1
DA:2,23
DA:5,1
DA:6,6
DA:9,1
DA:10,20
DA:13,1
DA:14,44
DA:17,1
DA:18,44
DA:21,1
DA:22,51
DA:25,1
DA:26,234
DA:29,1
DA:30,3
DA:33,1
DA:34,3
DA:37,1
DA:38,3
LF:20
LH:20
BRDA:14,0,0,23
BRDA:14,0,1,21
BRDA:18,1,0,21
BRDA:18,1,1,23
BRDA:22,2,0,11
BRDA:22,2,1,40
BRDA:26,3,0,29
BRDA:26,3,1,205
BRDA:26,4,0,234
BRDA:26,4,1,66
BRF:10
BRH:10
end_of_record
